<?xml version="1.0" encoding="UTF-8"?>
<testng-results ignored="0" total="1" passed="1" failed="0" skipped="0">
  <reporter-output>
  </reporter-output>
  <suite started-at="2021-01-19T06:10:45 IST" name="Default suite" finished-at="2021-01-19T09:34:21 IST" duration-ms="12216076">
    <groups>
    </groups>
    <test started-at="2021-01-19T06:10:45 IST" name="Default test" finished-at="2021-01-19T09:34:21 IST" duration-ms="12216076">
      <class name="ContentModelsValidation.ContentValidation">
        <test-method is-config="true" signature="setup()[pri:0, instance:ContentModelsValidation.ContentValidation@48aaecc3]" started-at="2021-01-19T06:10:45 IST" name="setup" finished-at="2021-01-19T06:10:52 IST" duration-ms="6719" status="PASS">
          <reporter-output>
          </reporter-output>
        </test-method> <!-- setup -->
        <test-method signature="ContentValidations()[pri:0, instance:ContentModelsValidation.ContentValidation@48aaecc3]" started-at="2021-01-19T06:10:52 IST" name="ContentValidations" finished-at="2021-01-19T09:34:21 IST" duration-ms="12209048" status="PASS">
          <reporter-output>
          </reporter-output>
        </test-method> <!-- ContentValidations -->
        <test-method is-config="true" signature="aftermethod(org.testng.ITestResult)[pri:0, instance:ContentModelsValidation.ContentValidation@48aaecc3]" started-at="2021-01-19T09:34:21 IST" name="aftermethod" finished-at="2021-01-19T09:34:21 IST" duration-ms="12" status="PASS">
          <params>
            <param index="0">
              <value>
                <![CDATA[[TestResult name=ContentValidations status=SUCCESS method=ContentValidation.ContentValidations()[pri:0, instance:ContentModelsValidation.ContentValidation@48aaecc3] output={null}]]]>
              </value>
            </param>
          </params>
          <reporter-output>
          </reporter-output>
        </test-method> <!-- aftermethod -->
        <test-method is-config="true" signature="tearDown()[pri:0, instance:ContentModelsValidation.ContentValidation@48aaecc3]" started-at="2021-01-19T09:34:21 IST" name="tearDown" finished-at="2021-01-19T09:34:21 IST" duration-ms="257" status="PASS">
          <reporter-output>
          </reporter-output>
        </test-method> <!-- tearDown -->
      </class> <!-- ContentModelsValidation.ContentValidation -->
    </test> <!-- Default test -->
  </suite> <!-- Default suite -->
</testng-results>
